<?xml version="1.0" encoding="UTF-8"?>
<!-- Generated by org.testng.reporters.JUnitXMLReporter -->
<testsuite hostname="DESKTOP-DK52L2S" ignored="0" name="LoginTest" tests="1" failures="1" timestamp="2022-08-22T07:15:34 PKT" time="22.126" errors="0">
  <testcase name="loginTest" time="8.248" classname="com.automationproject.testCases.Tc_LoginTest_01">
    <failure type="java.lang.AssertionError" message="expected [true] but found [false]">
      <![CDATA[java.lang.AssertionError: expected [true] but found [false]
at com.automationproject.testCases.Tc_LoginTest_01.loginTest(Tc_LoginTest_01.java:38)
at java.util.ArrayList.forEach(ArrayList.java:1257)
... Removed 31 stack frames]]>
    </failure>
  </testcase> <!-- loginTest -->
</testsuite> <!-- LoginTest -->
