<?xml version="1.0" encoding="UTF-8"?>
<!-- Generated by org.testng.reporters.JUnitXMLReporter -->
<testsuite ignored="0" hostname="DESKTOP-DK52L2S" failures="1" tests="1" name="Shop" time="42.939" errors="0" timestamp="2022-08-27T00:28:14 PKT">
  <testcase classname="com.automationproject.testCases.Tc_FilterByPrice_14" name="filterByPrice" time="20.58">
    <failure type="java.lang.NumberFormatException" message="For input string: &amp;quot;₹280.00&amp;quot;">
      <![CDATA[java.lang.NumberFormatException: For input string: "₹280.00"
at java.base/java.lang.NumberFormatException.forInputString(NumberFormatException.java:65)
at java.base/java.lang.Integer.parseInt(Integer.java:652)
at java.base/java.lang.Integer.parseInt(Integer.java:770)
at com.automationproject.testCases.Tc_FilterByPrice_14.filterByPrice(Tc_FilterByPrice_14.java:49)
at java.base/java.util.ArrayList.forEach(ArrayList.java:1541)
... Removed 27 stack frames]]>
    </failure>
  </testcase> <!-- filterByPrice -->
</testsuite> <!-- Shop -->
