<?xml version="1.0" encoding="UTF-8"?>
<!-- Generated by org.testng.reporters.JUnitXMLReporter -->
<testsuite ignored="0" hostname="DESKTOP-DK52L2S" failures="1" tests="1" name="Shop" time="82.884" errors="0" timestamp="2022-08-27T23:42:55 PKT">
  <testcase classname="com.automationproject.testCases.Tc_FilterByPrice_14" name="filterByPrice" time="43.384">
    <failure type="java.lang.AssertionError" message="expected [true] but found [false]">
      <![CDATA[java.lang.AssertionError: expected [true] but found [false]
at com.automationproject.testCases.Tc_FilterByPrice_14.filterByPrice(Tc_FilterByPrice_14.java:61)
at java.base/java.util.ArrayList.forEach(ArrayList.java:1541)
... Removed 31 stack frames]]>
    </failure>
  </testcase> <!-- filterByPrice -->
</testsuite> <!-- Shop -->
