<?xml version="1.0" encoding="UTF-8"?>
<testng-results ignored="0" total="5" passed="4" failed="1" skipped="0">
  <reporter-output>
  </reporter-output>
  <suite started-at="2022-08-25T06:01:02 PKT" name="AutomationProject" finished-at="2022-08-25T06:03:12 PKT" duration-ms="129984">
    <groups>
    </groups>
    <test started-at="2022-08-25T06:01:02 PKT" name="LoginTests" finished-at="2022-08-25T06:01:02 PKT" duration-ms="417">
    </test> <!-- LoginTests -->
    <test started-at="2022-08-25T06:01:02 PKT" name="RegistrationTests" finished-at="2022-08-25T06:03:12 PKT" duration-ms="129524">
      <class name="com.automationproject.testCases.Tc_RegisterWithEmptyPassword_12">
        <test-method is-config="true" signature="setup(java.lang.String)[pri:0, instance:com.automationproject.testCases.Tc_RegisterWithEmptyPassword_12@f09733f]" started-at="2022-08-25T06:02:26 PKT" name="setup" finished-at="2022-08-25T06:02:39 PKT" duration-ms="12467" status="PASS">
          <params>
            <param index="0">
              <value>
                <![CDATA[firefox]]>
              </value>
            </param>
          </params>
          <reporter-output>
          </reporter-output>
        </test-method> <!-- setup -->
        <test-method signature="registerWithEmptyPassword()[pri:0, instance:com.automationproject.testCases.Tc_RegisterWithEmptyPassword_12@f09733f]" started-at="2022-08-25T06:02:39 PKT" name="registerWithEmptyPassword" finished-at="2022-08-25T06:02:47 PKT" duration-ms="8167" status="PASS">
          <reporter-output>
          </reporter-output>
        </test-method> <!-- registerWithEmptyPassword -->
        <test-method is-config="true" signature="tearDown()[pri:0, instance:com.automationproject.testCases.Tc_RegisterWithEmptyPassword_12@f09733f]" started-at="2022-08-25T06:02:47 PKT" name="tearDown" finished-at="2022-08-25T06:02:49 PKT" duration-ms="2171" status="PASS">
          <reporter-output>
          </reporter-output>
        </test-method> <!-- tearDown -->
      </class> <!-- com.automationproject.testCases.Tc_RegisterWithEmptyPassword_12 -->
      <class name="com.automationproject.testCases.Tc_RegisterWithEmptyData_13">
        <test-method is-config="true" signature="setup(java.lang.String)[pri:0, instance:com.automationproject.testCases.Tc_RegisterWithEmptyData_13@e350b40]" started-at="2022-08-25T06:02:49 PKT" name="setup" finished-at="2022-08-25T06:03:02 PKT" duration-ms="12512" status="PASS">
          <params>
            <param index="0">
              <value>
                <![CDATA[firefox]]>
              </value>
            </param>
          </params>
          <reporter-output>
          </reporter-output>
        </test-method> <!-- setup -->
        <test-method signature="registerWithEmptyData()[pri:0, instance:com.automationproject.testCases.Tc_RegisterWithEmptyData_13@e350b40]" started-at="2022-08-25T06:03:02 PKT" name="registerWithEmptyData" finished-at="2022-08-25T06:03:11 PKT" duration-ms="9192" status="PASS">
          <reporter-output>
          </reporter-output>
        </test-method> <!-- registerWithEmptyData -->
        <test-method is-config="true" signature="tearDown()[pri:0, instance:com.automationproject.testCases.Tc_RegisterWithEmptyData_13@e350b40]" started-at="2022-08-25T06:03:11 PKT" name="tearDown" finished-at="2022-08-25T06:03:12 PKT" duration-ms="1195" status="PASS">
          <reporter-output>
          </reporter-output>
        </test-method> <!-- tearDown -->
      </class> <!-- com.automationproject.testCases.Tc_RegisterWithEmptyData_13 -->
      <class name="com.automationproject.testCases.Tc_RegisterWithEmptyEmail_11">
        <test-method is-config="true" signature="setup(java.lang.String)[pri:0, instance:com.automationproject.testCases.Tc_RegisterWithEmptyEmail_11@4b45a2f5]" started-at="2022-08-25T06:01:59 PKT" name="setup" finished-at="2022-08-25T06:02:12 PKT" duration-ms="12706" status="PASS">
          <params>
            <param index="0">
              <value>
                <![CDATA[firefox]]>
              </value>
            </param>
          </params>
          <reporter-output>
          </reporter-output>
        </test-method> <!-- setup -->
        <test-method signature="registerWithEmptyEmail()[pri:0, instance:com.automationproject.testCases.Tc_RegisterWithEmptyEmail_11@4b45a2f5]" started-at="2022-08-25T06:02:12 PKT" name="registerWithEmptyEmail" finished-at="2022-08-25T06:02:23 PKT" duration-ms="10862" status="PASS">
          <reporter-output>
          </reporter-output>
        </test-method> <!-- registerWithEmptyEmail -->
        <test-method is-config="true" signature="tearDown()[pri:0, instance:com.automationproject.testCases.Tc_RegisterWithEmptyEmail_11@4b45a2f5]" started-at="2022-08-25T06:02:23 PKT" name="tearDown" finished-at="2022-08-25T06:02:26 PKT" duration-ms="3205" status="PASS">
          <reporter-output>
          </reporter-output>
        </test-method> <!-- tearDown -->
      </class> <!-- com.automationproject.testCases.Tc_RegisterWithEmptyEmail_11 -->
      <class name="com.automationproject.testCases.Tc_Register_09">
        <test-method is-config="true" signature="setup(java.lang.String)[pri:0, instance:com.automationproject.testCases.Tc_Register_09@5677323c]" started-at="2022-08-25T06:01:02 PKT" name="setup" finished-at="2022-08-25T06:01:19 PKT" duration-ms="16911" status="PASS">
          <params>
            <param index="0">
              <value>
                <![CDATA[firefox]]>
              </value>
            </param>
          </params>
          <reporter-output>
          </reporter-output>
        </test-method> <!-- setup -->
        <test-method signature="registerWithValidData()[pri:0, instance:com.automationproject.testCases.Tc_Register_09@5677323c]" started-at="2022-08-25T06:01:19 PKT" name="registerWithValidData" finished-at="2022-08-25T06:01:30 PKT" duration-ms="10441" status="FAIL">
          <exception class="java.lang.AssertionError">
            <message>
              <![CDATA[expected [true] but found [false]]]>
            </message>
            <full-stacktrace>
              <![CDATA[java.lang.AssertionError: expected [true] but found [false]
at org.testng.Assert.fail(Assert.java:99)
at org.testng.Assert.failNotEquals(Assert.java:1037)
at org.testng.Assert.assertTrue(Assert.java:45)
at org.testng.Assert.assertTrue(Assert.java:55)
at com.automationproject.testCases.Tc_Register_09.registerWithValidData(Tc_Register_09.java:36)
at java.base/jdk.internal.reflect.NativeMethodAccessorImpl.invoke0(Native Method)
at java.base/jdk.internal.reflect.NativeMethodAccessorImpl.invoke(NativeMethodAccessorImpl.java:62)
at java.base/jdk.internal.reflect.DelegatingMethodAccessorImpl.invoke(DelegatingMethodAccessorImpl.java:43)
at java.base/java.lang.reflect.Method.invoke(Method.java:566)
at org.testng.internal.MethodInvocationHelper.invokeMethod(MethodInvocationHelper.java:133)
at org.testng.internal.TestInvoker.invokeMethod(TestInvoker.java:598)
at org.testng.internal.TestInvoker.invokeTestMethod(TestInvoker.java:173)
at org.testng.internal.MethodRunner.runInSequence(MethodRunner.java:46)
at org.testng.internal.TestInvoker$MethodInvocationAgent.invoke(TestInvoker.java:824)
at org.testng.internal.TestInvoker.invokeTestMethods(TestInvoker.java:146)
at org.testng.internal.TestMethodWorker.invokeTestMethods(TestMethodWorker.java:146)
at org.testng.internal.TestMethodWorker.run(TestMethodWorker.java:128)
at java.base/java.util.ArrayList.forEach(ArrayList.java:1541)
at org.testng.TestRunner.privateRun(TestRunner.java:794)
at org.testng.TestRunner.run(TestRunner.java:596)
at org.testng.SuiteRunner.runTest(SuiteRunner.java:377)
at org.testng.SuiteRunner.runSequentially(SuiteRunner.java:371)
at org.testng.SuiteRunner.privateRun(SuiteRunner.java:332)
at org.testng.SuiteRunner.run(SuiteRunner.java:276)
at org.testng.SuiteRunnerWorker.runSuite(SuiteRunnerWorker.java:53)
at org.testng.SuiteRunnerWorker.run(SuiteRunnerWorker.java:96)
at org.testng.TestNG.runSuitesSequentially(TestNG.java:1212)
at org.testng.TestNG.runSuitesLocally(TestNG.java:1134)
at org.testng.TestNG.runSuites(TestNG.java:1063)
at org.testng.TestNG.run(TestNG.java:1031)
at org.testng.remote.AbstractRemoteTestNG.run(AbstractRemoteTestNG.java:115)
at org.testng.remote.RemoteTestNG.initAndRun(RemoteTestNG.java:251)
at org.testng.remote.RemoteTestNG.main(RemoteTestNG.java:77)
]]>
            </full-stacktrace>
          </exception> <!-- java.lang.AssertionError -->
          <reporter-output>
          </reporter-output>
        </test-method> <!-- registerWithValidData -->
        <test-method is-config="true" signature="tearDown()[pri:0, instance:com.automationproject.testCases.Tc_Register_09@5677323c]" started-at="2022-08-25T06:01:30 PKT" name="tearDown" finished-at="2022-08-25T06:01:33 PKT" duration-ms="3200" status="PASS">
          <reporter-output>
          </reporter-output>
        </test-method> <!-- tearDown -->
      </class> <!-- com.automationproject.testCases.Tc_Register_09 -->
      <class name="com.automationproject.testCases.Tc_RegisterInvalidEmail_10">
        <test-method is-config="true" signature="setup(java.lang.String)[pri:0, instance:com.automationproject.testCases.Tc_RegisterInvalidEmail_10@38cee291]" started-at="2022-08-25T06:01:33 PKT" name="setup" finished-at="2022-08-25T06:01:45 PKT" duration-ms="12164" status="PASS">
          <params>
            <param index="0">
              <value>
                <![CDATA[firefox]]>
              </value>
            </param>
          </params>
          <reporter-output>
          </reporter-output>
        </test-method> <!-- setup -->
        <test-method signature="registerInvalidEmail()[pri:0, instance:com.automationproject.testCases.Tc_RegisterInvalidEmail_10@38cee291]" started-at="2022-08-25T06:01:45 PKT" name="registerInvalidEmail" finished-at="2022-08-25T06:01:56 PKT" duration-ms="10922" status="PASS">
          <reporter-output>
          </reporter-output>
        </test-method> <!-- registerInvalidEmail -->
        <test-method is-config="true" signature="tearDown()[pri:0, instance:com.automationproject.testCases.Tc_RegisterInvalidEmail_10@38cee291]" started-at="2022-08-25T06:01:56 PKT" name="tearDown" finished-at="2022-08-25T06:01:59 PKT" duration-ms="3309" status="PASS">
          <reporter-output>
          </reporter-output>
        </test-method> <!-- tearDown -->
      </class> <!-- com.automationproject.testCases.Tc_RegisterInvalidEmail_10 -->
    </test> <!-- RegistrationTests -->
  </suite> <!-- AutomationProject -->
</testng-results>
