<?xml version="1.0" encoding="UTF-8"?>
<testng-results ignored="0" total="1" passed="1" failed="0" skipped="0">
  <reporter-output>
  </reporter-output>
  <suite started-at="2022-08-30T06:22:28 PKT" name="AutomationProject" finished-at="2022-08-30T06:23:21 PKT" duration-ms="53282">
    <groups>
    </groups>
    <test started-at="2022-08-30T06:22:28 PKT" name="Shop" finished-at="2022-08-30T06:23:21 PKT" duration-ms="53282">
      <class name="com.automationproject.testCases.Tc_ReadButton_18">
        <test-method is-config="true" signature="setup(java.lang.String)[pri:0, instance:com.automationproject.testCases.Tc_ReadButton_18@4b0d79fc]" started-at="2022-08-30T06:22:29 PKT" name="setup" finished-at="2022-08-30T06:22:42 PKT" duration-ms="13371" status="PASS">
          <params>
            <param index="0">
              <value>
                <![CDATA[chrome]]>
              </value>
            </param>
          </params>
          <reporter-output>
          </reporter-output>
        </test-method> <!-- setup -->
        <test-method signature="readButton()[pri:0, instance:com.automationproject.testCases.Tc_ReadButton_18@4b0d79fc]" started-at="2022-08-30T06:22:42 PKT" name="readButton" finished-at="2022-08-30T06:23:21 PKT" duration-ms="39085" status="PASS">
          <reporter-output>
          </reporter-output>
        </test-method> <!-- readButton -->
        <test-method is-config="true" signature="tearDown()[pri:0, instance:com.automationproject.testCases.Tc_ReadButton_18@4b0d79fc]" started-at="2022-08-30T06:23:21 PKT" name="tearDown" finished-at="2022-08-30T06:23:21 PKT" duration-ms="393" status="PASS">
          <reporter-output>
          </reporter-output>
        </test-method> <!-- tearDown -->
      </class> <!-- com.automationproject.testCases.Tc_ReadButton_18 -->
    </test> <!-- Shop -->
  </suite> <!-- AutomationProject -->
</testng-results>
